<?xml version="1.0" encoding="UTF-8"?>
<testng-results skipped="0" failed="0" total="6" passed="6">
  <reporter-output>
  </reporter-output>
  <suite name="com.agileapes.couteau.basics.collections.CollectionWrapperTest" duration-ms="23" started-at="2015-02-19T23:47:03Z" finished-at="2015-02-19T23:47:03Z">
    <groups>
    </groups>
    <test name="Command line test" duration-ms="23" started-at="2015-02-19T23:47:03Z" finished-at="2015-02-19T23:47:03Z">
      <class name="com.agileapes.couteau.basics.collections.CollectionWrapperTest">
        <test-method status="PASS" signature="testExpansion()[pri:0, instance:com.agileapes.couteau.basics.collections.CollectionWrapperTest@357246de]" name="testExpansion" duration-ms="8" started-at="2015-02-19T15:47:03Z" finished-at="2015-02-19T15:47:03Z">
          <reporter-output>
          </reporter-output>
        </test-method> <!-- testExpansion -->
        <test-method status="PASS" signature="testFiltering()[pri:0, instance:com.agileapes.couteau.basics.collections.CollectionWrapperTest@357246de]" name="testFiltering" duration-ms="1" started-at="2015-02-19T15:47:03Z" finished-at="2015-02-19T15:47:03Z">
          <reporter-output>
          </reporter-output>
        </test-method> <!-- testFiltering -->
        <test-method status="PASS" signature="testMapping()[pri:0, instance:com.agileapes.couteau.basics.collections.CollectionWrapperTest@357246de]" name="testMapping" duration-ms="1" started-at="2015-02-19T15:47:03Z" finished-at="2015-02-19T15:47:03Z">
          <reporter-output>
          </reporter-output>
        </test-method> <!-- testMapping -->
        <test-method status="PASS" signature="testProcessing()[pri:0, instance:com.agileapes.couteau.basics.collections.CollectionWrapperTest@357246de]" name="testProcessing" duration-ms="1" started-at="2015-02-19T15:47:03Z" finished-at="2015-02-19T15:47:03Z">
          <reporter-output>
          </reporter-output>
        </test-method> <!-- testProcessing -->
        <test-method status="PASS" signature="testReduction()[pri:0, instance:com.agileapes.couteau.basics.collections.CollectionWrapperTest@357246de]" name="testReduction" duration-ms="1" started-at="2015-02-19T15:47:03Z" finished-at="2015-02-19T15:47:03Z">
          <reporter-output>
          </reporter-output>
        </test-method> <!-- testReduction -->
        <test-method status="PASS" signature="testSorting()[pri:0, instance:com.agileapes.couteau.basics.collections.CollectionWrapperTest@357246de]" name="testSorting" duration-ms="0" started-at="2015-02-19T15:47:03Z" finished-at="2015-02-19T15:47:03Z">
          <reporter-output>
          </reporter-output>
        </test-method> <!-- testSorting -->
      </class> <!-- com.agileapes.couteau.basics.collections.CollectionWrapperTest -->
    </test> <!-- Command line test -->
  </suite> <!-- com.agileapes.couteau.basics.collections.CollectionWrapperTest -->
</testng-results>
