<?xml version="1.0" encoding="UTF-8"?>
<testng-results skipped="0" failed="0" total="1" passed="1">
  <reporter-output>
  </reporter-output>
  <suite name="com.agileapes.couteau.graph.binding.impl.DefaultObjectReaderTest" duration-ms="72" started-at="2015-02-19T23:47:11Z" finished-at="2015-02-19T23:47:11Z">
    <groups>
    </groups>
    <test name="Command line test" duration-ms="72" started-at="2015-02-19T23:47:11Z" finished-at="2015-02-19T23:47:11Z">
      <class name="com.agileapes.couteau.graph.binding.impl.DefaultObjectReaderTest">
        <test-method status="PASS" signature="testSimpleBeanReading()[pri:0, instance:com.agileapes.couteau.graph.binding.impl.DefaultObjectReaderTest@3f0ee7cb]" name="testSimpleBeanReading" duration-ms="63" started-at="2015-02-19T15:47:11Z" finished-at="2015-02-19T15:47:11Z">
          <reporter-output>
          </reporter-output>
        </test-method> <!-- testSimpleBeanReading -->
      </class> <!-- com.agileapes.couteau.graph.binding.impl.DefaultObjectReaderTest -->
    </test> <!-- Command line test -->
  </suite> <!-- com.agileapes.couteau.graph.binding.impl.DefaultObjectReaderTest -->
</testng-results>
