<?xml version="1.0" encoding="UTF-8"?>
<!-- Generated by org.testng.reporters.JUnitXMLReporter -->
<testsuite hostname="FluffyEyes.local" name="Command line test" tests="6" failures="0" timestamp="19 Feb 2015 23:47:05 GMT" time="0.052" errors="0">
  <testcase name="testBeanInitialization" time="0.008" classname="com.agileapes.couteau.reflection.beans.impl.ConstructorBeanInitializerTest"/>
  <testcase name="testBeanInstantiationWithConstructorArgs" time="0.001" classname="com.agileapes.couteau.reflection.beans.impl.ConstructorBeanInitializerTest"/>
  <testcase name="testConversionOfSameType" time="0.027" classname="com.agileapes.couteau.reflection.convert.impl.DefaultBeanConverterTest"/>
  <testcase name="testFields" time="0.002" classname="com.agileapes.couteau.reflection.beans.impl.FieldBeanAccessorTest"/>
  <testcase name="testHashCodeEquality" time="0.002" classname="com.agileapes.couteau.reflection.beans.impl.MethodInvocationTest"/>
  <testcase name="testMethodInvocation" time="0.001" classname="com.agileapes.couteau.reflection.beans.impl.MethodInvocationTest"/>
</testsuite> <!-- Command line test -->
