<?xml version="1.0" encoding="UTF-8"?>
<testng-results skipped="0" failed="0" total="1" passed="1">
  <reporter-output>
  </reporter-output>
  <suite name="com.agileapes.couteau.strings.document.impl.DefaultDocumentReaderTest" duration-ms="20" started-at="2015-02-19T23:47:08Z" finished-at="2015-02-19T23:47:08Z">
    <groups>
    </groups>
    <test name="Command line test" duration-ms="20" started-at="2015-02-19T23:47:08Z" finished-at="2015-02-19T23:47:08Z">
      <class name="com.agileapes.couteau.strings.document.impl.DefaultDocumentReaderTest">
        <test-method status="PASS" signature="testReadingSimpleExpression()[pri:0, instance:com.agileapes.couteau.strings.document.impl.DefaultDocumentReaderTest@649d209a]" name="testReadingSimpleExpression" duration-ms="11" started-at="2015-02-19T15:47:08Z" finished-at="2015-02-19T15:47:08Z">
          <reporter-output>
          </reporter-output>
        </test-method> <!-- testReadingSimpleExpression -->
      </class> <!-- com.agileapes.couteau.strings.document.impl.DefaultDocumentReaderTest -->
    </test> <!-- Command line test -->
  </suite> <!-- com.agileapes.couteau.strings.document.impl.DefaultDocumentReaderTest -->
</testng-results>
