<?xml version="1.0" encoding="UTF-8"?>
<testng-results skipped="0" failed="0" total="1" passed="1">
  <reporter-output>
  </reporter-output>
  <suite name="com.agileapes.couteau.freemarker.template.TemplateTest" duration-ms="185" started-at="2015-02-19T23:47:10Z" finished-at="2015-02-19T23:47:10Z">
    <groups>
    </groups>
    <test name="Command line test" duration-ms="185" started-at="2015-02-19T23:47:10Z" finished-at="2015-02-19T23:47:10Z">
      <class name="com.agileapes.couteau.freemarker.template.TemplateTest">
        <test-method status="PASS" signature="testSimpleTemplate()[pri:0, instance:com.agileapes.couteau.freemarker.template.TemplateTest@2a18f23c]" name="testSimpleTemplate" duration-ms="178" started-at="2015-02-19T15:47:10Z" finished-at="2015-02-19T15:47:10Z">
          <reporter-output>
          </reporter-output>
        </test-method> <!-- testSimpleTemplate -->
      </class> <!-- com.agileapes.couteau.freemarker.template.TemplateTest -->
    </test> <!-- Command line test -->
  </suite> <!-- com.agileapes.couteau.freemarker.template.TemplateTest -->
</testng-results>
